<?xml version="1.0" encoding="UTF-8"?>
<!-- Generated by org.testng.reporters.JUnitReportReporter -->
<testsuite skipped="0" hostname="BusyBee2020" name="parallel_test.TestScript1_DD" tests="2" failures="0" timestamp="31 Jan 2020 01:21:16 GMT" time="285.690" errors="0">
  <testcase name="testExecution" time="217.610" classname="parallel_test.TestScript1_DD"/>
  <testcase name="testExecution" time="68.080" classname="parallel_test.TestScript1_DD"/>
</testsuite> <!-- parallel_test.TestScript1_DD -->
