<?xml version="1.0" encoding="UTF-8"?>
<testng-results skipped="0" failed="0" ignored="0" total="4" passed="4">
  <reporter-output>
  </reporter-output>
  <suite name="Suite" duration-ms="287937" started-at="2020-01-31T01:16:28Z" finished-at="2020-01-31T01:21:16Z">
    <groups>
    </groups>
    <test name="Test" duration-ms="287378" started-at="2020-01-31T01:16:28Z" finished-at="2020-01-31T01:21:15Z">
      <class name="parallel_test.TestScript1_DD">
        <test-method status="PASS" signature="preConfig()[pri:0, instance:parallel_test.TestScript1_DD@15a5ed1]" name="preConfig" is-config="true" duration-ms="93" started-at="2020-01-31T01:16:28Z" finished-at="2020-01-31T01:16:28Z">
          <reporter-output>
          </reporter-output>
        </test-method> <!-- preConfig -->
        <test-method status="PASS" signature="testExecution(java.lang.String, java.lang.String, java.lang.String, java.lang.String, java.lang.String, java.lang.String, java.lang.String, java.lang.String, java.lang.String, java.lang.String, java.lang.String, java.lang.String, java.lang.String)[pri:0, instance:parallel_test.TestScript1_DD@15a5ed1]" name="testExecution" duration-ms="217610" started-at="2020-01-31T01:16:29Z" data-provider="Input_Data" finished-at="2020-01-31T01:20:07Z">
          <params>
            <param index="0">
              <value>
                <![CDATA[Login]]>
              </value>
            </param>
            <param index="1">
              <value>
                <![CDATA[2]]>
              </value>
            </param>
            <param index="2">
              <value>
                <![CDATA[http://demo.guru99.com/test/newtours/]]>
              </value>
            </param>
            <param index="3">
              <value>
                <![CDATA[1]]>
              </value>
            </param>
            <param index="4">
              <value>
                <![CDATA[3]]>
              </value>
            </param>
            <param index="5">
              <value>
                <![CDATA[London]]>
              </value>
            </param>
            <param index="6">
              <value>
                <![CDATA[2]]>
              </value>
            </param>
            <param index="7">
              <value>
                <![CDATA[27]]>
              </value>
            </param>
            <param index="8">
              <value>
                <![CDATA[New York]]>
              </value>
            </param>
            <param index="9">
              <value>
                <![CDATA[2]]>
              </value>
            </param>
            <param index="10">
              <value>
                <![CDATA[30]]>
              </value>
            </param>
            <param index="11">
              <value>
                <![CDATA[2]]>
              </value>
            </param>
            <param index="12">
              <value>
                <![CDATA[Unified Airlines]]>
              </value>
            </param>
          </params>
          <reporter-output>
          </reporter-output>
        </test-method> <!-- testExecution -->
        <test-method status="PASS" signature="testExecution(java.lang.String, java.lang.String, java.lang.String, java.lang.String, java.lang.String, java.lang.String, java.lang.String, java.lang.String, java.lang.String, java.lang.String, java.lang.String, java.lang.String, java.lang.String)[pri:0, instance:parallel_test.TestScript1_DD@15a5ed1]" name="testExecution" duration-ms="68080" started-at="2020-01-31T01:20:07Z" data-provider="Input_Data" finished-at="2020-01-31T01:21:15Z">
          <params>
            <param index="0">
              <value>
                <![CDATA[Login]]>
              </value>
            </param>
            <param index="1">
              <value>
                <![CDATA[2]]>
              </value>
            </param>
            <param index="2">
              <value>
                <![CDATA[http://demo.guru99.com/test/newtours/]]>
              </value>
            </param>
            <param index="3">
              <value>
                <![CDATA[1]]>
              </value>
            </param>
            <param index="4">
              <value>
                <![CDATA[3]]>
              </value>
            </param>
            <param index="5">
              <value>
                <![CDATA[New York]]>
              </value>
            </param>
            <param index="6">
              <value>
                <![CDATA[2]]>
              </value>
            </param>
            <param index="7">
              <value>
                <![CDATA[30]]>
              </value>
            </param>
            <param index="8">
              <value>
                <![CDATA[London]]>
              </value>
            </param>
            <param index="9">
              <value>
                <![CDATA[2]]>
              </value>
            </param>
            <param index="10">
              <value>
                <![CDATA[30]]>
              </value>
            </param>
            <param index="11">
              <value>
                <![CDATA[2]]>
              </value>
            </param>
            <param index="12">
              <value>
                <![CDATA[Unified Airlines]]>
              </value>
            </param>
          </params>
          <reporter-output>
          </reporter-output>
        </test-method> <!-- testExecution -->
        <test-method status="PASS" signature="closeDriver()[pri:0, instance:parallel_test.TestScript1_DD@15a5ed1]" name="closeDriver" is-config="true" duration-ms="0" started-at="2020-01-31T01:21:15Z" finished-at="2020-01-31T01:21:15Z">
          <reporter-output>
          </reporter-output>
        </test-method> <!-- closeDriver -->
      </class> <!-- parallel_test.TestScript1_DD -->
      <class name="parallel_test.TestScript2">
        <test-method status="PASS" signature="preConfig()[pri:0, instance:parallel_test.TestScript2@1d016c9]" name="preConfig" is-config="true" duration-ms="16" started-at="2020-01-31T01:16:28Z" finished-at="2020-01-31T01:16:28Z">
          <reporter-output>
          </reporter-output>
        </test-method> <!-- preConfig -->
        <test-method status="PASS" signature="testExecute()[pri:0, instance:parallel_test.TestScript2@1d016c9]" name="testExecute" duration-ms="218529" started-at="2020-01-31T01:16:28Z" finished-at="2020-01-31T01:20:06Z">
          <reporter-output>
          </reporter-output>
        </test-method> <!-- testExecute -->
      </class> <!-- parallel_test.TestScript2 -->
    </test> <!-- Test -->
    <test name="final_report" duration-ms="375" started-at="2020-01-31T01:21:15Z" finished-at="2020-01-31T01:21:16Z">
      <class name="parallel_test.FinalReport">
        <test-method status="PASS" signature="FinalReport_Generator()[pri:0, instance:parallel_test.FinalReport@e92f8f]" name="FinalReport_Generator" duration-ms="358" started-at="2020-01-31T01:21:15Z" finished-at="2020-01-31T01:21:16Z">
          <reporter-output>
          </reporter-output>
        </test-method> <!-- FinalReport_Generator -->
      </class> <!-- parallel_test.FinalReport -->
    </test> <!-- final_report -->
  </suite> <!-- Suite -->
</testng-results>
