<?xml version="1.0" encoding="UTF-8"?>
<testng-results skipped="0" failed="0" total="1" passed="1">
  <reporter-output>
  </reporter-output>
  <suite name="Suite" duration-ms="18268" started-at="2020-02-10T21:28:33Z" finished-at="2020-02-10T21:28:51Z">
    <groups>
    </groups>
    <test name="Test" duration-ms="18268" started-at="2020-02-10T21:28:33Z" finished-at="2020-02-10T21:28:51Z">
      <class name="org.cucumber.tests.OpenMRSTests">
        <test-method status="PASS" signature="setUP()[pri:0, instance:org.cucumber.tests.OpenMRSTests@bd1b6a]" name="setUP" is-config="true" duration-ms="11221" started-at="2020-02-11T02:58:33Z" finished-at="2020-02-11T02:58:44Z">
          <reporter-output>
          </reporter-output>
        </test-method> <!-- setUP -->
        <test-method status="PASS" signature="login(cucumber.api.testng.CucumberFeatureWrapper)[pri:0, instance:org.cucumber.tests.OpenMRSTests@bd1b6a]" name="login" duration-ms="6921" started-at="2020-02-11T02:58:44Z" description="login" data-provider="features" finished-at="2020-02-11T02:58:51Z">
          <params>
            <param index="0">
              <value>
                <![CDATA[feature name]]>
              </value>
            </param>
          </params>
          <reporter-output>
          </reporter-output>
        </test-method> <!-- login -->
        <test-method status="PASS" signature="tearDown()[pri:0, instance:org.cucumber.tests.OpenMRSTests@bd1b6a]" name="tearDown" is-config="true" duration-ms="16" started-at="2020-02-11T02:58:51Z" finished-at="2020-02-11T02:58:51Z">
          <reporter-output>
          </reporter-output>
        </test-method> <!-- tearDown -->
      </class> <!-- org.cucumber.tests.OpenMRSTests -->
    </test> <!-- Test -->
  </suite> <!-- Suite -->
</testng-results>
