<?xml version="1.0" encoding="UTF-8"?>
<testng-results skipped="0" failed="0" ignored="0" total="1" passed="1">
  <reporter-output>
  </reporter-output>
  <suite name="Default suite" duration-ms="15487" started-at="2020-02-04T19:17:14Z" finished-at="2020-02-04T19:17:29Z">
    <groups>
    </groups>
    <test name="Default test" duration-ms="15487" started-at="2020-02-04T19:17:14Z" finished-at="2020-02-04T19:17:29Z">
      <class name="pages.wait_Time">
        <test-method status="PASS" signature="selenium_Wait()[pri:0, instance:pages.wait_Time@4edc67]" name="selenium_Wait" duration-ms="15444" started-at="2020-02-04T19:17:14Z" finished-at="2020-02-04T19:17:29Z">
          <reporter-output>
          </reporter-output>
        </test-method> <!-- selenium_Wait -->
      </class> <!-- pages.wait_Time -->
    </test> <!-- Default test -->
  </suite> <!-- Default suite -->
</testng-results>
