<?xml version="1.0" encoding="UTF-8"?>
<!-- Generated by org.testng.reporters.JUnitXMLReporter -->
<testsuite hostname="BusyBee2020" ignored="0" name="Test" tests="3" failures="0" timestamp="31 Jan 2020 01:21:15 GMT" time="287.378" errors="0">
  <testcase name="testExecute" time="218.529" classname="parallel_test.TestScript2"/>
  <testcase name="testExecution" time="217.61" classname="parallel_test.TestScript1_DD"/>
  <testcase name="testExecution" time="68.08" classname="parallel_test.TestScript1_DD"/>
</testsuite> <!-- Test -->
